This is pdfTeX, Version 3.1415926-2.5-1.40.14 (TeX Live 2013/Debian) (format=latex 2017.8.23)  12 OCT 2017 21:51
entering extended mode
 restricted \write18 enabled.
 %&-line parsing enabled.
**imsi.dbj
(./imsi.dbj
LaTeX2e <2011/06/27>
Babel <3.9h> and hyphenation patterns for 78 languages loaded.
(/usr/share/texlive/texmf-dist/tex/latex/base/docstrip.tex
\blockLevel=\count79
\emptyLines=\count80
\processedLines=\count81
\commentsRemoved=\count82
\commentsPassed=\count83
\codeLinesPassed=\count84
\TotalprocessedLines=\count85
\TotalcommentsRemoved=\count86
\TotalcommentsPassed=\count87
\TotalcodeLinesPassed=\count88
\NumberOfFiles=\count89
\inFile=\read1
\inputcheck=\read2
\off@0=\count90
\off@1=\count91
\off@2=\count92
\off@3=\count93
\off@4=\count94
\off@5=\count95
\off@6=\count96
\off@7=\count97
\off@8=\count98
\off@9=\count99
\off@10=\count100
\off@11=\count101
\off@12=\count102
\off@13=\count103
\off@14=\count104
\off@15=\count105
\@maxfiles=\count106
\@maxoutfiles=\count107

Utility: `docstrip' 2.5d <2005/07/29>
English documentation    <1999/03/31>

**********************************************************
* This program converts documented macro-files into fast *
* loadable files by stripping off (nearly) all comments! *
**********************************************************

********************************************************
* No Configuration file found, using default settings. *
********************************************************

)

Generating file(s) ./imsi.bst 
\openout0 = `./imsi.bst'.


Processing file merlin.mbs (ay,nat,nm-rvx,jnrlst,mcite,mct-1,nmft,nmft-bf,keyxy
r,dt-beg,yr-per,yrp-per,note-yr,atit-u,jxper,vol-bf,vnum-x,volp-sp,pp-last,num-
xser,jnm-x,pre-pub,blk-tit,ppx,ed,xedn,jabr,jaa,xand,etal-rm,nfss,) -> imsi.bst

Lines  processed: 9447
Comments removed: 3867
Comments  passed: 1
Codelines passed: 3733

 ) 
Here is how much of TeX's memory you used:
 631 strings out of 493305
 5424 string characters out of 6139897
 64511 words of memory out of 5000000
 4183 multiletter control sequences out of 15000+600000
 3640 words of font info for 14 fonts, out of 8000000 for 9000
 957 hyphenation exceptions out of 8191
 13i,0n,15p,309b,439s stack positions out of 5000i,500n,10000p,200000b,80000s

No pages of output.
